[2026-04-03 22:45:19,152][dogs_pipeline][INFO] - ==================================================
[2026-04-03 22:45:19,155][dogs_pipeline][INFO] - EXPERIMENT SETUP
[2026-04-03 22:45:19,156][dogs_pipeline][INFO] - ==================================================
[2026-04-03 22:45:19,157][dogs_pipeline][INFO] - Model: resnet50
[2026-04-03 22:45:19,157][dogs_pipeline][INFO] - Optimizer: adam
[2026-04-03 22:45:19,158][dogs_pipeline][INFO] - Scheduler: cosine_annealing
[2026-04-03 22:45:19,159][dogs_pipeline][INFO] - Learning Rate: 0.001
[2026-04-03 22:45:19,159][dogs_pipeline][INFO] - Batch Size: 32
[2026-04-03 22:45:19,160][dogs_pipeline][INFO] - Max Epochs: 1
[2026-04-03 22:45:19,161][dogs_pipeline][INFO] - ==================================================
[2026-04-03 22:45:19,161][dogs_pipeline][INFO] - DIRECTORIES:
[2026-04-03 22:45:19,162][dogs_pipeline][INFO] -   checkpoints: experiments/resnet50_adam_cosine_annealing/checkpoints
[2026-04-03 22:45:19,163][dogs_pipeline][INFO] -   logs: experiments/resnet50_adam_cosine_annealing/logs
[2026-04-03 22:45:19,164][dogs_pipeline][INFO] -   tensorboard: experiments/resnet50_adam_cosine_annealing/tensorboard
[2026-04-03 22:45:19,164][dogs_pipeline][INFO] -   wandb: experiments/resnet50_adam_cosine_annealing/wandb
[2026-04-03 22:45:19,165][dogs_pipeline][INFO] -   hydra: experiments/resnet50_adam_cosine_annealing/hydra
[2026-04-03 22:45:19,166][dogs_pipeline][INFO] - ==================================================
[2026-04-03 22:45:19,174][dogs_pipeline][INFO] - Setting up data module...
[2026-04-03 22:45:19,175][dogs_pipeline][INFO] - Setting up model...
[2026-04-03 22:45:19,450][dogs_pipeline][INFO] - Setting up trainer...
[2026-04-03 22:45:19,472][dogs_pipeline][INFO] - Starting training...
