[2026-04-03 22:45:55,893][dogs_pipeline][INFO] - ==================================================
[2026-04-03 22:45:55,895][dogs_pipeline][INFO] - EXPERIMENT SETUP
[2026-04-03 22:45:55,896][dogs_pipeline][INFO] - ==================================================
[2026-04-03 22:45:55,897][dogs_pipeline][INFO] - Model: resnet50
[2026-04-03 22:45:55,897][dogs_pipeline][INFO] - Optimizer: adam
[2026-04-03 22:45:55,898][dogs_pipeline][INFO] - Scheduler: cosine_annealing
[2026-04-03 22:45:55,898][dogs_pipeline][INFO] - Learning Rate: 0.001
[2026-04-03 22:45:55,899][dogs_pipeline][INFO] - Batch Size: 32
[2026-04-03 22:45:55,899][dogs_pipeline][INFO] - Max Epochs: 1
[2026-04-03 22:45:55,900][dogs_pipeline][INFO] - ==================================================
[2026-04-03 22:45:55,900][dogs_pipeline][INFO] - DIRECTORIES:
[2026-04-03 22:45:55,901][dogs_pipeline][INFO] -   checkpoints: experiments/resnet50_adam_cosine_annealing/checkpoints
[2026-04-03 22:45:55,901][dogs_pipeline][INFO] -   logs: experiments/resnet50_adam_cosine_annealing/logs
[2026-04-03 22:45:55,902][dogs_pipeline][INFO] -   tensorboard: experiments/resnet50_adam_cosine_annealing/tensorboard
[2026-04-03 22:45:55,903][dogs_pipeline][INFO] -   wandb: experiments/resnet50_adam_cosine_annealing/wandb
[2026-04-03 22:45:55,903][dogs_pipeline][INFO] -   hydra: experiments/resnet50_adam_cosine_annealing/hydra
[2026-04-03 22:45:55,904][dogs_pipeline][INFO] - ==================================================
[2026-04-03 22:45:55,912][dogs_pipeline][INFO] - Setting up data module...
[2026-04-03 22:45:55,913][dogs_pipeline][INFO] - Setting up model...
[2026-04-03 22:45:56,194][dogs_pipeline][INFO] - Setting up trainer...
[2026-04-03 22:45:56,216][dogs_pipeline][INFO] - Starting training...
