[2026-04-03 22:45:40,021][dogs_pipeline][INFO] - ==================================================
[2026-04-03 22:45:40,023][dogs_pipeline][INFO] - EXPERIMENT SETUP
[2026-04-03 22:45:40,023][dogs_pipeline][INFO] - ==================================================
[2026-04-03 22:45:40,024][dogs_pipeline][INFO] - Model: resnet50
[2026-04-03 22:45:40,025][dogs_pipeline][INFO] - Optimizer: adam
[2026-04-03 22:45:40,025][dogs_pipeline][INFO] - Scheduler: cosine_annealing
[2026-04-03 22:45:40,026][dogs_pipeline][INFO] - Learning Rate: 0.001
[2026-04-03 22:45:40,026][dogs_pipeline][INFO] - Batch Size: 32
[2026-04-03 22:45:40,027][dogs_pipeline][INFO] - Max Epochs: 1
[2026-04-03 22:45:40,027][dogs_pipeline][INFO] - ==================================================
[2026-04-03 22:45:40,028][dogs_pipeline][INFO] - DIRECTORIES:
[2026-04-03 22:45:40,028][dogs_pipeline][INFO] -   checkpoints: experiments/resnet50_adam_cosine_annealing/checkpoints
[2026-04-03 22:45:40,029][dogs_pipeline][INFO] -   logs: experiments/resnet50_adam_cosine_annealing/logs
[2026-04-03 22:45:40,030][dogs_pipeline][INFO] -   tensorboard: experiments/resnet50_adam_cosine_annealing/tensorboard
[2026-04-03 22:45:40,030][dogs_pipeline][INFO] -   wandb: experiments/resnet50_adam_cosine_annealing/wandb
[2026-04-03 22:45:40,031][dogs_pipeline][INFO] -   hydra: experiments/resnet50_adam_cosine_annealing/hydra
[2026-04-03 22:45:40,031][dogs_pipeline][INFO] - ==================================================
[2026-04-03 22:45:40,039][dogs_pipeline][INFO] - Setting up data module...
[2026-04-03 22:45:40,040][dogs_pipeline][INFO] - Setting up model...
[2026-04-03 22:45:40,319][dogs_pipeline][INFO] - Setting up trainer...
[2026-04-03 22:45:40,341][dogs_pipeline][INFO] - Starting training...
